"www.slask.com"
"www.hora.com"
"www.dn.se"
"www.dn.se"
"www.dn.se"
"www.dn.se"
"www.dn.se"
"www.hora.com"
"www.penis.com"
"www.dn.se"
"www.dn.se"
{"level":"warn","message":"user tried to shorten this URL < %s >"}
"asdasdasd"
"www.slaskj.com"
"www.bra.com"
"www.sr.se"
"www.slask.com"
"www.aslask.com"
"www.dn.se"
"http://blog.davidbjorklund.se/"
"sdfklsfksdfsdfsdfsdfsdf"
"foobar"
"fozzzbazz"
"Woop woop"
"foobar"
"aftdasdas"
"expdasdas"
"fasfdasdasdas"
"asfasdasdas"
"asfasdas"
"fasfdas"
"adftea"
"blog.davidbjorklund.se"
"davidbjorklund.se"
"asdas"
{"level":"warn","message":"user tried to shorten this URL: "}
"www.dn.se"
"www.dn.se"
"www.dn.se"
"www.dn.se"
"www.dn.se"
"www.hora.com"
"www.dn.se"
"www.slask.com"
"www.slask.com"
"www.slaskasfdsdfsdf.com"
"www.dns.e"
"www.hoira.com"
"www.idg.se"
"www.bi.se"
{"level":"warn","message":"user tried to shorten this URL:www.dog.comIP:127.0.0.1"}
{"level":"warn","message":"user tried to shorten this URL:www.idg.seIP:127.0.0.1"}
{"level":"warn","message":"user tried to shorten this URL:asdasdIP: 127.0.0.1"}
{"level":"warn","message":"user tried to shorten this URL:www.dog.comIP:127.0.0.1"}
{"level":"warn","message":"user tried to shorten this URL:asdasd.com IP:127.0.0.1"}
